Analysis & Synthesis report for cofreAutomatico
Thu Nov 05 17:00:08 2020
Quartus II 64-Bit Version 13.0.1 Build 232 06/12/2013 Service Pack 1 SJ Web Edition


---------------------
; Table of Contents ;
---------------------
  1. Legal Notice
  2. Analysis & Synthesis Summary
  3. Analysis & Synthesis Settings
  4. Parallel Compilation
  5. Analysis & Synthesis Source Files Read
  6. Analysis & Synthesis Resource Usage Summary
  7. Analysis & Synthesis Resource Utilization by Entity
  8. State Machine - |cofreAutomatico|blocoDeControle:chamarBlocoDeControle|estado
  9. Registers Removed During Synthesis
 10. Removed Registers Triggering Further Register Optimizations
 11. General Register Statistics
 12. Multiplexer Restructuring Statistics (Restructuring Performed)
 13. Parameter Settings for User Entity Instance: Top-level Entity: |cofreAutomatico
 14. Parameter Settings for User Entity Instance: blocoDeControle:chamarBlocoDeControle
 15. Parameter Settings for User Entity Instance: blocoOperacional:chamarBlocoOperacional
 16. Parameter Settings for User Entity Instance: blocoOperacional:chamarBlocoOperacional|senhaReset:registrarSenhaReset
 17. Parameter Settings for User Entity Instance: blocoOperacional:chamarBlocoOperacional|senha:registrarSenha
 18. Parameter Settings for User Entity Instance: blocoOperacional:chamarBlocoOperacional|erro:registrarErro
 19. Elapsed Time Per Partition
 20. Analysis & Synthesis Messages



----------------
; Legal Notice ;
----------------
Copyright (C) 1991-2013 Altera Corporation
Your use of Altera Corporation's design tools, logic functions 
and other software and tools, and its AMPP partner logic 
functions, and any output files from any of the foregoing 
(including device programming or simulation files), and any 
associated documentation or information are expressly subject 
to the terms and conditions of the Altera Program License 
Subscription Agreement, Altera MegaCore Function License 
Agreement, or other applicable license agreement, including, 
without limitation, that your use is for the sole purpose of 
programming logic devices manufactured by Altera and sold by 
Altera or its authorized distributors.  Please refer to the 
applicable agreement for further details.



+--------------------------------------------------------------------------------------+
; Analysis & Synthesis Summary                                                         ;
+------------------------------------+-------------------------------------------------+
; Analysis & Synthesis Status        ; Successful - Thu Nov 05 17:00:08 2020           ;
; Quartus II 64-Bit Version          ; 13.0.1 Build 232 06/12/2013 SP 1 SJ Web Edition ;
; Revision Name                      ; cofreAutomatico                                 ;
; Top-level Entity Name              ; cofreAutomatico                                 ;
; Family                             ; Cyclone II                                      ;
; Total logic elements               ; 54                                              ;
;     Total combinational functions  ; 37                                              ;
;     Dedicated logic registers      ; 31                                              ;
; Total registers                    ; 31                                              ;
; Total pins                         ; 20                                              ;
; Total virtual pins                 ; 0                                               ;
; Total memory bits                  ; 0                                               ;
; Embedded Multiplier 9-bit elements ; 0                                               ;
; Total PLLs                         ; 0                                               ;
+------------------------------------+-------------------------------------------------+


+----------------------------------------------------------------------------------------------------------------------+
; Analysis & Synthesis Settings                                                                                        ;
+----------------------------------------------------------------------------+--------------------+--------------------+
; Option                                                                     ; Setting            ; Default Value      ;
+----------------------------------------------------------------------------+--------------------+--------------------+
; Device                                                                     ; EP2C35F672C6       ;                    ;
; Top-level entity name                                                      ; cofreAutomatico    ; cofreAutomatico    ;
; Family name                                                                ; Cyclone II         ; Cyclone IV GX      ;
; Type of Retiming Performed During Resynthesis                              ; Full               ;                    ;
; Resynthesis Optimization Effort                                            ; Normal             ;                    ;
; Physical Synthesis Level for Resynthesis                                   ; Normal             ;                    ;
; Use Generated Physical Constraints File                                    ; On                 ;                    ;
; Use smart compilation                                                      ; Off                ; Off                ;
; Enable parallel Assembler and TimeQuest Timing Analyzer during compilation ; On                 ; On                 ;
; Enable compact report table                                                ; Off                ; Off                ;
; Restructure Multiplexers                                                   ; Auto               ; Auto               ;
; Create Debugging Nodes for IP Cores                                        ; Off                ; Off                ;
; Preserve fewer node names                                                  ; On                 ; On                 ;
; Disable OpenCore Plus hardware evaluation                                  ; Off                ; Off                ;
; Verilog Version                                                            ; Verilog_2001       ; Verilog_2001       ;
; VHDL Version                                                               ; VHDL_1993          ; VHDL_1993          ;
; State Machine Processing                                                   ; Auto               ; Auto               ;
; Safe State Machine                                                         ; Off                ; Off                ;
; Extract Verilog State Machines                                             ; On                 ; On                 ;
; Extract VHDL State Machines                                                ; On                 ; On                 ;
; Ignore Verilog initial constructs                                          ; Off                ; Off                ;
; Iteration limit for constant Verilog loops                                 ; 5000               ; 5000               ;
; Iteration limit for non-constant Verilog loops                             ; 250                ; 250                ;
; Add Pass-Through Logic to Inferred RAMs                                    ; On                 ; On                 ;
; Infer RAMs from Raw Logic                                                  ; On                 ; On                 ;
; Parallel Synthesis                                                         ; On                 ; On                 ;
; DSP Block Balancing                                                        ; Auto               ; Auto               ;
; NOT Gate Push-Back                                                         ; On                 ; On                 ;
; Power-Up Don't Care                                                        ; On                 ; On                 ;
; Remove Redundant Logic Cells                                               ; Off                ; Off                ;
; Remove Duplicate Registers                                                 ; On                 ; On                 ;
; Ignore CARRY Buffers                                                       ; Off                ; Off                ;
; Ignore CASCADE Buffers                                                     ; Off                ; Off                ;
; Ignore GLOBAL Buffers                                                      ; Off                ; Off                ;
; Ignore ROW GLOBAL Buffers                                                  ; Off                ; Off                ;
; Ignore LCELL Buffers                                                       ; Off                ; Off                ;
; Ignore SOFT Buffers                                                        ; On                 ; On                 ;
; Limit AHDL Integers to 32 Bits                                             ; Off                ; Off                ;
; Optimization Technique                                                     ; Balanced           ; Balanced           ;
; Carry Chain Length                                                         ; 70                 ; 70                 ;
; Auto Carry Chains                                                          ; On                 ; On                 ;
; Auto Open-Drain Pins                                                       ; On                 ; On                 ;
; Perform WYSIWYG Primitive Resynthesis                                      ; Off                ; Off                ;
; Auto ROM Replacement                                                       ; On                 ; On                 ;
; Auto RAM Replacement                                                       ; On                 ; On                 ;
; Auto Shift Register Replacement                                            ; Auto               ; Auto               ;
; Allow Shift Register Merging across Hierarchies                            ; Auto               ; Auto               ;
; Auto Clock Enable Replacement                                              ; On                 ; On                 ;
; Strict RAM Replacement                                                     ; Off                ; Off                ;
; Allow Synchronous Control Signals                                          ; On                 ; On                 ;
; Force Use of Synchronous Clear Signals                                     ; Off                ; Off                ;
; Auto RAM to Logic Cell Conversion                                          ; Off                ; Off                ;
; Auto Resource Sharing                                                      ; Off                ; Off                ;
; Allow Any RAM Size For Recognition                                         ; Off                ; Off                ;
; Allow Any ROM Size For Recognition                                         ; Off                ; Off                ;
; Allow Any Shift Register Size For Recognition                              ; Off                ; Off                ;
; Use LogicLock Constraints during Resource Balancing                        ; On                 ; On                 ;
; Ignore translate_off and synthesis_off directives                          ; Off                ; Off                ;
; Timing-Driven Synthesis                                                    ; Off                ; Off                ;
; Report Parameter Settings                                                  ; On                 ; On                 ;
; Report Source Assignments                                                  ; On                 ; On                 ;
; Report Connectivity Checks                                                 ; On                 ; On                 ;
; Ignore Maximum Fan-Out Assignments                                         ; Off                ; Off                ;
; Synchronization Register Chain Length                                      ; 2                  ; 2                  ;
; PowerPlay Power Optimization                                               ; Normal compilation ; Normal compilation ;
; HDL message level                                                          ; Level2             ; Level2             ;
; Suppress Register Optimization Related Messages                            ; Off                ; Off                ;
; Number of Removed Registers Reported in Synthesis Report                   ; 5000               ; 5000               ;
; Number of Swept Nodes Reported in Synthesis Report                         ; 5000               ; 5000               ;
; Number of Inverted Registers Reported in Synthesis Report                  ; 100                ; 100                ;
; Clock MUX Protection                                                       ; On                 ; On                 ;
; Auto Gated Clock Conversion                                                ; Off                ; Off                ;
; Block Design Naming                                                        ; Auto               ; Auto               ;
; SDC constraint protection                                                  ; Off                ; Off                ;
; Synthesis Effort                                                           ; Auto               ; Auto               ;
; Shift Register Replacement - Allow Asynchronous Clear Signal               ; On                 ; On                 ;
; Pre-Mapping Resynthesis Optimization                                       ; Off                ; Off                ;
; Analysis & Synthesis Message Level                                         ; Medium             ; Medium             ;
; Disable Register Merging Across Hierarchies                                ; Auto               ; Auto               ;
; Resource Aware Inference For Block RAM                                     ; On                 ; On                 ;
; Synthesis Seed                                                             ; 1                  ; 1                  ;
+----------------------------------------------------------------------------+--------------------+--------------------+


Parallel compilation was disabled, but you have multiple processors available. Enable parallel compilation to reduce compilation time.
+-------------------------------------+
; Parallel Compilation                ;
+----------------------------+--------+
; Processors                 ; Number ;
+----------------------------+--------+
; Number detected on machine ; 8      ;
; Maximum allowed            ; 1      ;
+----------------------------+--------+


+----------------------------------------------------------------------------------------------------------------------------------------------------------------------------------------------------------+
; Analysis & Synthesis Source Files Read                                                                                                                                                                   ;
+----------------------------------+-----------------+-----------------+-------------------------------------------------------------------------------------------------------------------------+---------+
; File Name with User-Entered Path ; Used in Netlist ; File Type       ; File Name with Absolute Path                                                                                            ; Library ;
+----------------------------------+-----------------+-----------------+-------------------------------------------------------------------------------------------------------------------------+---------+
; somadorErro.vhd                  ; yes             ; User VHDL File  ; C:/Users/joaop/OneDrive/햞ea de Trabalho/Projeto Final/Cofre-Automatico-FINAL/Cofre-Automatico/somadorErro.vhd          ;         ;
; senhaReset.vhd                   ; yes             ; User VHDL File  ; C:/Users/joaop/OneDrive/햞ea de Trabalho/Projeto Final/Cofre-Automatico-FINAL/Cofre-Automatico/senhaReset.vhd           ;         ;
; senha.vhd                        ; yes             ; User VHDL File  ; C:/Users/joaop/OneDrive/햞ea de Trabalho/Projeto Final/Cofre-Automatico-FINAL/Cofre-Automatico/senha.vhd                ;         ;
; erro.vhd                         ; yes             ; User VHDL File  ; C:/Users/joaop/OneDrive/햞ea de Trabalho/Projeto Final/Cofre-Automatico-FINAL/Cofre-Automatico/erro.vhd                 ;         ;
; comparatorsenhaReset.vhd         ; yes             ; User VHDL File  ; C:/Users/joaop/OneDrive/햞ea de Trabalho/Projeto Final/Cofre-Automatico-FINAL/Cofre-Automatico/comparatorsenhaReset.vhd ;         ;
; comparatorsenha.vhd              ; yes             ; User VHDL File  ; C:/Users/joaop/OneDrive/햞ea de Trabalho/Projeto Final/Cofre-Automatico-FINAL/Cofre-Automatico/comparatorsenha.vhd      ;         ;
; comparatorerro.vhd               ; yes             ; User VHDL File  ; C:/Users/joaop/OneDrive/햞ea de Trabalho/Projeto Final/Cofre-Automatico-FINAL/Cofre-Automatico/comparatorerro.vhd       ;         ;
; blocoOperacional.vhd             ; yes             ; User VHDL File  ; C:/Users/joaop/OneDrive/햞ea de Trabalho/Projeto Final/Cofre-Automatico-FINAL/Cofre-Automatico/blocoOperacional.vhd     ;         ;
; blocoDeControle.vhd              ; yes             ; User VHDL File  ; C:/Users/joaop/OneDrive/햞ea de Trabalho/Projeto Final/Cofre-Automatico-FINAL/Cofre-Automatico/blocoDeControle.vhd      ;         ;
; cofreAutomatico.vhd              ; yes             ; User VHDL File  ; C:/Users/joaop/OneDrive/햞ea de Trabalho/Projeto Final/Cofre-Automatico-FINAL/Cofre-Automatico/cofreAutomatico.vhd      ;         ;
+----------------------------------+-----------------+-----------------+-------------------------------------------------------------------------------------------------------------------------+---------+


+-----------------------------------------------------+
; Analysis & Synthesis Resource Usage Summary         ;
+---------------------------------------------+-------+
; Resource                                    ; Usage ;
+---------------------------------------------+-------+
; Estimated Total logic elements              ; 54    ;
;                                             ;       ;
; Total combinational functions               ; 37    ;
; Logic element usage by number of LUT inputs ;       ;
;     -- 4 input functions                    ; 22    ;
;     -- 3 input functions                    ; 10    ;
;     -- <=2 input functions                  ; 5     ;
;                                             ;       ;
; Logic elements by mode                      ;       ;
;     -- normal mode                          ; 37    ;
;     -- arithmetic mode                      ; 0     ;
;                                             ;       ;
; Total registers                             ; 31    ;
;     -- Dedicated logic registers            ; 31    ;
;     -- I/O registers                        ; 0     ;
;                                             ;       ;
; I/O pins                                    ; 20    ;
; Embedded Multiplier 9-bit elements          ; 0     ;
; Maximum fan-out node                        ; clock ;
; Maximum fan-out                             ; 31    ;
; Total fan-out                               ; 209   ;
; Average fan-out                             ; 2.38  ;
+---------------------------------------------+-------+


+-------------------------------------------------------------------------------------------------------------------------------------------------------------------------------------------------------------------------------------------------------------------+
; Analysis & Synthesis Resource Utilization by Entity                                                                                                                                                                                                               ;
+----------------------------------------------+-------------------+--------------+-------------+--------------+---------+-----------+------+--------------+-----------------------------------------------------------------------------------------+--------------+
; Compilation Hierarchy Node                   ; LC Combinationals ; LC Registers ; Memory Bits ; DSP Elements ; DSP 9x9 ; DSP 18x18 ; Pins ; Virtual Pins ; Full Hierarchy Name                                                                     ; Library Name ;
+----------------------------------------------+-------------------+--------------+-------------+--------------+---------+-----------+------+--------------+-----------------------------------------------------------------------------------------+--------------+
; |cofreAutomatico                             ; 37 (0)            ; 31 (0)       ; 0           ; 0            ; 0       ; 0         ; 20   ; 0            ; |cofreAutomatico                                                                        ; work         ;
;    |blocoDeControle:chamarBlocoDeControle|   ; 19 (19)           ; 13 (13)      ; 0           ; 0            ; 0       ; 0         ; 0    ; 0            ; |cofreAutomatico|blocoDeControle:chamarBlocoDeControle                                  ; work         ;
;    |blocoOperacional:chamarBlocoOperacional| ; 18 (0)            ; 18 (0)       ; 0           ; 0            ; 0       ; 0         ; 0    ; 0            ; |cofreAutomatico|blocoOperacional:chamarBlocoOperacional                                ; work         ;
;       |ComparatorSenha:comparar1|            ; 10 (10)           ; 0 (0)        ; 0           ; 0            ; 0       ; 0         ; 0    ; 0            ; |cofreAutomatico|blocoOperacional:chamarBlocoOperacional|ComparatorSenha:comparar1      ; work         ;
;       |ComparatorSenhaReset:comparar2|       ; 5 (5)             ; 0 (0)        ; 0           ; 0            ; 0       ; 0         ; 0    ; 0            ; |cofreAutomatico|blocoOperacional:chamarBlocoOperacional|ComparatorSenhaReset:comparar2 ; work         ;
;       |erro:registrarErro|                   ; 3 (3)             ; 2 (2)        ; 0           ; 0            ; 0       ; 0         ; 0    ; 0            ; |cofreAutomatico|blocoOperacional:chamarBlocoOperacional|erro:registrarErro             ; work         ;
;       |senha:registrarSenha|                 ; 0 (0)             ; 16 (16)      ; 0           ; 0            ; 0       ; 0         ; 0    ; 0            ; |cofreAutomatico|blocoOperacional:chamarBlocoOperacional|senha:registrarSenha           ; work         ;
+----------------------------------------------+-------------------+--------------+-------------+--------------+---------+-----------+------+--------------+-----------------------------------------------------------------------------------------+--------------+
Note: For table entries with two numbers listed, the numbers in parentheses indicate the number of resources of the given type used by the specific entity alone. The numbers listed outside of parentheses indicate the total resources of the given type used by the specific entity and all of its sub-entities in the hierarchy.


Encoding Type:  One-Hot
+-----------------------------------------------------------------------------------------------------------------------------------------------------------+
; State Machine - |cofreAutomatico|blocoDeControle:chamarBlocoDeControle|estado                                                                             ;
+------------------+------------------+--------------+-------------+------------------+-----------------+------------------+---------------+----------------+
; Name             ; estado.reiniciar ; estado.abrir ; estado.erro ; estado.verificar ; estado.aguardar ; estado.registrar ; estado.inicio ; estado.estado0 ;
+------------------+------------------+--------------+-------------+------------------+-----------------+------------------+---------------+----------------+
; estado.estado0   ; 0                ; 0            ; 0           ; 0                ; 0               ; 0                ; 0             ; 0              ;
; estado.inicio    ; 0                ; 0            ; 0           ; 0                ; 0               ; 0                ; 1             ; 1              ;
; estado.registrar ; 0                ; 0            ; 0           ; 0                ; 0               ; 1                ; 0             ; 1              ;
; estado.aguardar  ; 0                ; 0            ; 0           ; 0                ; 1               ; 0                ; 0             ; 1              ;
; estado.verificar ; 0                ; 0            ; 0           ; 1                ; 0               ; 0                ; 0             ; 1              ;
; estado.erro      ; 0                ; 0            ; 1           ; 0                ; 0               ; 0                ; 0             ; 1              ;
; estado.abrir     ; 0                ; 1            ; 0           ; 0                ; 0               ; 0                ; 0             ; 1              ;
; estado.reiniciar ; 1                ; 0            ; 0           ; 0                ; 0               ; 0                ; 0             ; 1              ;
+------------------+------------------+--------------+-------------+------------------+-----------------+------------------+---------------+----------------+


+-----------------------------------------------------------------------------------------------------------------------------+
; Registers Removed During Synthesis                                                                                          ;
+------------------------------------------------------------------------------------+----------------------------------------+
; Register name                                                                      ; Reason for Removal                     ;
+------------------------------------------------------------------------------------+----------------------------------------+
; blocoOperacional:chamarBlocoOperacional|senhaReset:registrarSenhaReset|QSR[0]      ; Stuck at GND due to stuck port data_in ;
; blocoOperacional:chamarBlocoOperacional|senhaReset:registrarSenhaReset|QSR[1]      ; Stuck at VCC due to stuck port data_in ;
; blocoOperacional:chamarBlocoOperacional|senhaReset:registrarSenhaReset|QSR[2,3]    ; Stuck at GND due to stuck port data_in ;
; blocoOperacional:chamarBlocoOperacional|senhaReset:registrarSenhaReset|QSR[4]      ; Stuck at VCC due to stuck port data_in ;
; blocoOperacional:chamarBlocoOperacional|senhaReset:registrarSenhaReset|QSR[5]      ; Stuck at GND due to stuck port data_in ;
; blocoOperacional:chamarBlocoOperacional|senhaReset:registrarSenhaReset|QSR[6,7]    ; Stuck at VCC due to stuck port data_in ;
; blocoOperacional:chamarBlocoOperacional|senhaReset:registrarSenhaReset|QSR[8,9]    ; Stuck at GND due to stuck port data_in ;
; blocoOperacional:chamarBlocoOperacional|senhaReset:registrarSenhaReset|QSR[10]     ; Stuck at VCC due to stuck port data_in ;
; blocoOperacional:chamarBlocoOperacional|senhaReset:registrarSenhaReset|QSR[11..15] ; Stuck at GND due to stuck port data_in ;
; blocoDeControle:chamarBlocoDeControle|senhareset_id                                ; Lost fanout                            ;
; Total Number of Removed Registers = 17                                             ;                                        ;
+------------------------------------------------------------------------------------+----------------------------------------+


+-----------------------------------------------------------------------------------------------------------------------------------------------------------------+
; Removed Registers Triggering Further Register Optimizations                                                                                                     ;
+-------------------------------------------------------------------------------+---------------------------+-----------------------------------------------------+
; Register name                                                                 ; Reason for Removal        ; Registers Removed due to This Register              ;
+-------------------------------------------------------------------------------+---------------------------+-----------------------------------------------------+
; blocoOperacional:chamarBlocoOperacional|senhaReset:registrarSenhaReset|QSR[0] ; Stuck at GND              ; blocoDeControle:chamarBlocoDeControle|senhareset_id ;
;                                                                               ; due to stuck port data_in ;                                                     ;
+-------------------------------------------------------------------------------+---------------------------+-----------------------------------------------------+


+------------------------------------------------------+
; General Register Statistics                          ;
+----------------------------------------------+-------+
; Statistic                                    ; Value ;
+----------------------------------------------+-------+
; Total registers                              ; 31    ;
; Number of registers using Synchronous Clear  ; 0     ;
; Number of registers using Synchronous Load   ; 0     ;
; Number of registers using Asynchronous Clear ; 0     ;
; Number of registers using Asynchronous Load  ; 0     ;
; Number of registers using Clock Enable       ; 18    ;
; Number of registers using Preset             ; 0     ;
+----------------------------------------------+-------+


+--------------------------------------------------------------------------------------------------------------------------------------------------------------------------------------------------+
; Multiplexer Restructuring Statistics (Restructuring Performed)                                                                                                                                   ;
+--------------------+-----------+---------------+----------------------+------------------------+------------+------------------------------------------------------------------------------------+
; Multiplexer Inputs ; Bus Width ; Baseline Area ; Area if Restructured ; Saving if Restructured ; Registered ; Example Multiplexer Output                                                         ;
+--------------------+-----------+---------------+----------------------+------------------------+------------+------------------------------------------------------------------------------------+
; 3:1                ; 2 bits    ; 4 LEs         ; 2 LEs                ; 2 LEs                  ; Yes        ; |cofreAutomatico|blocoOperacional:chamarBlocoOperacional|erro:registrarErro|QRR[0] ;
+--------------------+-----------+---------------+----------------------+------------------------+------------+------------------------------------------------------------------------------------+


+---------------------------------------------------------------------------------+
; Parameter Settings for User Entity Instance: Top-level Entity: |cofreAutomatico ;
+----------------+-------+--------------------------------------------------------+
; Parameter Name ; Value ; Type                                                   ;
+----------------+-------+--------------------------------------------------------+
; N              ; 16    ; Signed Integer                                         ;
+----------------+-------+--------------------------------------------------------+
Note: In order to hide this table in the UI and the text report file, please set the "Show Parameter Settings in Synthesis Report" option in "Analysis and Synthesis Settings -> More Settings" to "Off".


+------------------------------------------------------------------------------------+
; Parameter Settings for User Entity Instance: blocoDeControle:chamarBlocoDeControle ;
+----------------+-------+-----------------------------------------------------------+
; Parameter Name ; Value ; Type                                                      ;
+----------------+-------+-----------------------------------------------------------+
; N              ; 16    ; Signed Integer                                            ;
+----------------+-------+-----------------------------------------------------------+
Note: In order to hide this table in the UI and the text report file, please set the "Show Parameter Settings in Synthesis Report" option in "Analysis and Synthesis Settings -> More Settings" to "Off".


+--------------------------------------------------------------------------------------+
; Parameter Settings for User Entity Instance: blocoOperacional:chamarBlocoOperacional ;
+----------------+-------+-------------------------------------------------------------+
; Parameter Name ; Value ; Type                                                        ;
+----------------+-------+-------------------------------------------------------------+
; N              ; 16    ; Signed Integer                                              ;
+----------------+-------+-------------------------------------------------------------+
Note: In order to hide this table in the UI and the text report file, please set the "Show Parameter Settings in Synthesis Report" option in "Analysis and Synthesis Settings -> More Settings" to "Off".


+---------------------------------------------------------------------------------------------------------------------+
; Parameter Settings for User Entity Instance: blocoOperacional:chamarBlocoOperacional|senhaReset:registrarSenhaReset ;
+----------------+-------+--------------------------------------------------------------------------------------------+
; Parameter Name ; Value ; Type                                                                                       ;
+----------------+-------+--------------------------------------------------------------------------------------------+
; N              ; 16    ; Signed Integer                                                                             ;
+----------------+-------+--------------------------------------------------------------------------------------------+
Note: In order to hide this table in the UI and the text report file, please set the "Show Parameter Settings in Synthesis Report" option in "Analysis and Synthesis Settings -> More Settings" to "Off".


+-----------------------------------------------------------------------------------------------------------+
; Parameter Settings for User Entity Instance: blocoOperacional:chamarBlocoOperacional|senha:registrarSenha ;
+----------------+-------+----------------------------------------------------------------------------------+
; Parameter Name ; Value ; Type                                                                             ;
+----------------+-------+----------------------------------------------------------------------------------+
; N              ; 16    ; Signed Integer                                                                   ;
+----------------+-------+----------------------------------------------------------------------------------+
Note: In order to hide this table in the UI and the text report file, please set the "Show Parameter Settings in Synthesis Report" option in "Analysis and Synthesis Settings -> More Settings" to "Off".


+---------------------------------------------------------------------------------------------------------+
; Parameter Settings for User Entity Instance: blocoOperacional:chamarBlocoOperacional|erro:registrarErro ;
+----------------+-------+--------------------------------------------------------------------------------+
; Parameter Name ; Value ; Type                                                                           ;
+----------------+-------+--------------------------------------------------------------------------------+
; N              ; 2     ; Signed Integer                                                                 ;
+----------------+-------+--------------------------------------------------------------------------------+
Note: In order to hide this table in the UI and the text report file, please set the "Show Parameter Settings in Synthesis Report" option in "Analysis and Synthesis Settings -> More Settings" to "Off".


+-------------------------------+
; Elapsed Time Per Partition    ;
+----------------+--------------+
; Partition Name ; Elapsed Time ;
+----------------+--------------+
; Top            ; 00:00:00     ;
+----------------+--------------+


+-------------------------------+
; Analysis & Synthesis Messages ;
+-------------------------------+
Info: *******************************************************************
Info: Running Quartus II 64-Bit Analysis & Synthesis
    Info: Version 13.0.1 Build 232 06/12/2013 Service Pack 1 SJ Web Edition
    Info: Processing started: Thu Nov 05 17:00:01 2020
Info: Command: quartus_map --read_settings_files=on --write_settings_files=off cofreAutomatico -c cofreAutomatico
Warning (20028): Parallel compilation is not licensed and has been disabled
Info (12021): Found 2 design units, including 1 entities, in source file tb_cofreautomatico.vhd
    Info (12022): Found design unit 1: tb_cofreAutomatico-cofre
    Info (12023): Found entity 1: tb_cofreAutomatico
Info (12021): Found 2 design units, including 1 entities, in source file somadorerro.vhd
    Info (12022): Found design unit 1: somadorErro-Behavior
    Info (12023): Found entity 1: somadorErro
Info (12021): Found 2 design units, including 1 entities, in source file senhareset.vhd
    Info (12022): Found design unit 1: senhaReset-RTL
    Info (12023): Found entity 1: senhaReset
Info (12021): Found 2 design units, including 1 entities, in source file senha.vhd
    Info (12022): Found design unit 1: senha-RTL
    Info (12023): Found entity 1: senha
Info (12021): Found 2 design units, including 1 entities, in source file erro.vhd
    Info (12022): Found design unit 1: erro-RTL
    Info (12023): Found entity 1: erro
Info (12021): Found 2 design units, including 1 entities, in source file comparatorsenhareset.vhd
    Info (12022): Found design unit 1: ComparatorSenhaReset-Dataflow
    Info (12023): Found entity 1: ComparatorSenhaReset
Info (12021): Found 2 design units, including 1 entities, in source file comparatorsenha.vhd
    Info (12022): Found design unit 1: ComparatorSenha-Dataflow
    Info (12023): Found entity 1: ComparatorSenha
Info (12021): Found 2 design units, including 1 entities, in source file comparatorerro.vhd
    Info (12022): Found design unit 1: ComparatorErro-Dataflow
    Info (12023): Found entity 1: ComparatorErro
Info (12021): Found 2 design units, including 1 entities, in source file blocooperacional.vhd
    Info (12022): Found design unit 1: blocoOperacional-comportamento
    Info (12023): Found entity 1: blocoOperacional
Info (12021): Found 2 design units, including 1 entities, in source file blocodecontrole.vhd
    Info (12022): Found design unit 1: blocoDeControle-comportamento
    Info (12023): Found entity 1: blocoDeControle
Info (12021): Found 2 design units, including 1 entities, in source file cofreautomatico.vhd
    Info (12022): Found design unit 1: cofreAutomatico-comportamento
    Info (12023): Found entity 1: cofreAutomatico
Info (12127): Elaborating entity "cofreAutomatico" for the top level hierarchy
Info (12128): Elaborating entity "blocoDeControle" for hierarchy "blocoDeControle:chamarBlocoDeControle"
Warning (10492): VHDL Process Statement warning at blocodecontrole.vhd(83): signal "start" is read inside the Process Statement but isn't in the Process Statement's sensitivity list
Warning (10631): VHDL Process Statement warning at blocodecontrole.vhd(80): inferring latch(es) for signal or variable "start", which holds its previous value in one or more paths through the process
Info (10041): Inferred latch for "start" at blocodecontrole.vhd(80)
Info (12128): Elaborating entity "blocoOperacional" for hierarchy "blocoOperacional:chamarBlocoOperacional"
Info (12128): Elaborating entity "senhaReset" for hierarchy "blocoOperacional:chamarBlocoOperacional|senhaReset:registrarSenhaReset"
Warning (10540): VHDL Signal Declaration warning at senhareset.vhd(16): used explicit default value for signal "senha_reset" because signal was never assigned a value
Info (12128): Elaborating entity "senha" for hierarchy "blocoOperacional:chamarBlocoOperacional|senha:registrarSenha"
Info (12128): Elaborating entity "erro" for hierarchy "blocoOperacional:chamarBlocoOperacional|erro:registrarErro"
Info (12128): Elaborating entity "somadorErro" for hierarchy "blocoOperacional:chamarBlocoOperacional|somadorErro:somadorRegistradorErro"
Warning (10540): VHDL Signal Declaration warning at somadorerro.vhd(18): used explicit default value for signal "Y" because signal was never assigned a value
Info (12128): Elaborating entity "ComparatorErro" for hierarchy "blocoOperacional:chamarBlocoOperacional|ComparatorErro:ComparatorRegistradorErro"
Warning (10540): VHDL Signal Declaration warning at comparatorerro.vhd(15): used explicit default value for signal "maxErro" because signal was never assigned a value
Info (12128): Elaborating entity "ComparatorSenha" for hierarchy "blocoOperacional:chamarBlocoOperacional|ComparatorSenha:comparar1"
Info (12128): Elaborating entity "ComparatorSenhaReset" for hierarchy "blocoOperacional:chamarBlocoOperacional|ComparatorSenhaReset:comparar2"
Info (17049): 1 registers lost all their fanouts during netlist optimizations.
Info (16010): Generating hard_block partition "hard_block:auto_generated_inst"
    Info (16011): Adding 0 node(s), including 0 DDIO, 0 PLL, 0 transceiver and 0 LCELL
Info (21057): Implemented 74 device resources after synthesis - the final resource count might be different
    Info (21058): Implemented 18 input pins
    Info (21059): Implemented 2 output pins
    Info (21061): Implemented 54 logic cells
Info: Quartus II 64-Bit Analysis & Synthesis was successful. 0 errors, 6 warnings
    Info: Peak virtual memory: 4626 megabytes
    Info: Processing ended: Thu Nov 05 17:00:08 2020
    Info: Elapsed time: 00:00:07
    Info: Total CPU time (on all processors): 00:00:05


